Build started 30/03/2015 00:50:37.
Project "C:\Users\jonh\Desktop\Tudo de Ragnarok\RagnaLife\brathena\brathena\vcproj-13\login-server.vcxproj" on node 2 (Build target(s)).
ClCompile:
  C:\Program Files (x86)\Microsoft Visual Studio 12.0\VC\bin\CL.exe /c /I..\3rdparty\libconfig /I..\3rdparty\mysql\include /I..\3rdparty\msinttypes\include /I..\3rdparty\mt19937ar /ZI /nologo /W3 /WX- /MP /Od /Oy- /D WIN32 /D _WIN32 /D __WIN32 /D _DEBUG /D _CRT_SECURE_NO_DEPRECATE /D _CRT_NONSTDC_NO_DEPRECATE /D FD_SETSIZE=4096 /D WITH_SQL /D LIBCONFIG_STATIC /D YY_USE_CONST /D _VC80_UPGRADE=0x0710 /D _MBCS /Gm- /RTC1 /MTd /GS /Gy /fp:precise /Zc:wchar_t /Zc:forScope /Fo"login-server\Debug\\" /Fd"login-server\Debug\vc120.pdb" /Gd /TC /wd4100 /wd4800 /analyze- /errorReport:prompt ..\src\login\account_sql.c ..\src\login\ipban_sql.c ..\src\login\login.c
  account_sql.c
  ipban_sql.c
  login.c
  Generating Code...
Link:
  C:\Program Files (x86)\Microsoft Visual Studio 12.0\VC\bin\link.exe /ERRORREPORT:PROMPT /OUT:"..\login-server.exe" /INCREMENTAL /NOLOGO /LIBPATH:..\3rdparty\mysql\lib libcmtd.lib oldnames.lib ws2_32.lib libmysql.lib kernel32.lib user32.lib gdi32.lib winspool.lib comdlg32.lib advapi32.lib shell32.lib ole32.lib oleaut32.lib uuid.lib odbc32.lib odbccp32.lib /NODEFAULTLIB /MANIFEST /MANIFESTUAC:"level='asInvoker' uiAccess='false'" /manifest:embed /DEBUG /PDB:"..\login-server.pdb" /SUBSYSTEM:CONSOLE /TLBID:1 /DYNAMICBASE:NO /IMPLIB:"..\login-server.lib" /MACHINE:X86 /SAFESEH:NO "login-server\Debug\grammar.obj"
  "login-server\Debug\libconfig.obj"
  "login-server\Debug\scanctx.obj"
  "login-server\Debug\scanner.obj"
  "login-server\Debug\strbuf.obj"
  "login-server\Debug\mempool.obj"
  "login-server\Debug\mutex.obj"
  "login-server\Debug\raconf.obj"
  "login-server\Debug\thread.obj"
  "login-server\Debug\account_sql.obj"
  "login-server\Debug\ipban_sql.obj"
  "login-server\Debug\login.obj"
  "login-server\Debug\loginlog_sql.obj"
  "login-server\Debug\conf.obj"
  "login-server\Debug\lang.obj"
  "login-server\Debug\core.obj"
  "login-server\Debug\console.obj"
  "login-server\Debug\db.obj"
  "login-server\Debug\ers.obj"
  "login-server\Debug\malloc.obj"
  "login-server\Debug\md5calc.obj"
  "login-server\Debug\nullpo.obj"
  "login-server\Debug\random.obj"
  "login-server\Debug\showmsg.obj"
  "login-server\Debug\socket.obj"
  "login-server\Debug\sql.obj"
  "login-server\Debug\strlib.obj"
  "login-server\Debug\timer.obj"
  "login-server\Debug\utils.obj"
  "login-server\Debug\mt19937ar.obj"
  login-server.vcxproj -> C:\Users\jonh\Desktop\Tudo de Ragnarok\RagnaLife\brathena\brathena\vcproj-13\..\login-server.exe
Done Building Project "C:\Users\jonh\Desktop\Tudo de Ragnarok\RagnaLife\brathena\brathena\vcproj-13\login-server.vcxproj" (Build target(s)).

Build succeeded.

Time Elapsed 00:00:41.59
