Build started 29/05/2015 14:26:31.
Project "C:\Users\Jonathan\Desktop\GlobalRAG\Emulador Oficial\Emulador Oficial\brathena\vcproj-10\map-server.vcxproj" on node 2 (Build target(s)).
ClCompile:
  C:\Program Files\Microsoft Visual Studio 11.0\VC\bin\CL.exe /c /I..\3rdparty\mysql\include /I..\3rdparty\zlib\include /I..\3rdparty\pcre\include /I..\3rdparty\msinttypes\include /I..\3rdparty\mt19937ar /I..\3rdparty\libconfig /Zi /nologo /W3 /WX- /MP /Od /Oy- /D WIN32 /D _WIN32 /D __WIN32 /D _DEBUG /D PCRE_SUPPORT /D _CRT_SECURE_NO_DEPRECATE /D _CRT_NONSTDC_NO_DEPRECATE /D FD_SETSIZE=4096 /D LIBCONFIG_STATIC /D YY_USE_CONST /D _MBCS /Gm- /RTC1 /MTd /GS /Gy /fp:precise /Zc:wchar_t /Zc:forScope /Fo"map-server\Debug\\" /Fd"map-server\Debug\vc110.pdb" /Gd /TC /wd4018 /wd4100 /wd4800 /analyze- /errorReport:prompt ..\src\map\atcommand.c
  atcommand.c
Link:
  C:\Program Files\Microsoft Visual Studio 11.0\VC\bin\link.exe /ERRORREPORT:PROMPT /OUT:"..\map-server.exe" /INCREMENTAL:NO /NOLOGO /LIBPATH:..\3rdparty\mysql\lib /LIBPATH:..\3rdparty\zlib\lib /LIBPATH:..\3rdparty\pcre\lib libcmtd.lib oldnames.lib ws2_32.lib libmysql.lib zdll.lib pcre.lib kernel32.lib user32.lib gdi32.lib winspool.lib comdlg32.lib advapi32.lib shell32.lib ole32.lib oleaut32.lib uuid.lib odbc32.lib odbccp32.lib /NODEFAULTLIB /MANIFEST /MANIFESTUAC:"level='asInvoker' uiAccess='false'" /manifest:embed /DEBUG /PDB:"..\map-server.pdb" /SUBSYSTEM:CONSOLE /TLBID:1 /DYNAMICBASE:NO /IMPLIB:"..\map-server.lib" /MACHINE:X86 /SAFESEH "map-server\Debug\grammar.obj"
  "map-server\Debug\libconfig.obj"
  "map-server\Debug\scanctx.obj"
  "map-server\Debug\scanner.obj"
  "map-server\Debug\strbuf.obj"
  "map-server\Debug\mt19937ar.obj"
  "map-server\Debug\conf.obj"
  "map-server\Debug\lang.obj"
  "map-server\Debug\core.obj"
  "map-server\Debug\console.obj"
  "map-server\Debug\db.obj"
  "map-server\Debug\des.obj"
  "map-server\Debug\ers.obj"
  "map-server\Debug\grfio.obj"
  "map-server\Debug\malloc.obj"
  "map-server\Debug\mapindex.obj"
  "map-server\Debug\md5calc.obj"
  "map-server\Debug\mempool.obj"
  "map-server\Debug\mutex.obj"
  "map-server\Debug\nullpo.obj"
  "map-server\Debug\raconf.obj"
  "map-server\Debug\random.obj"
  "map-server\Debug\showmsg.obj"
  "map-server\Debug\socket.obj"
  "map-server\Debug\sql.obj"
  "map-server\Debug\strlib.obj"
  "map-server\Debug\thread.obj"
  "map-server\Debug\timer.obj"
  "map-server\Debug\utils.obj"
  "map-server\Debug\atcommand.obj"
  "map-server\Debug\battle.obj"
  "map-server\Debug\battleground.obj"
  "map-server\Debug\buyingstore.obj"
  "map-server\Debug\chat.obj"
  "map-server\Debug\chrif.obj"
  "map-server\Debug\clif.obj"
  "map-server\Debug\date.obj"
  "map-server\Debug\duel.obj"
  "map-server\Debug\elemental.obj"
  "map-server\Debug\guild.obj"
  "map-server\Debug\intif.obj"
  "map-server\Debug\itemdb.obj"
  "map-server\Debug\log.obj"
  "map-server\Debug\mail.obj"
  "map-server\Debug\map.obj"
  "map-server\Debug\mapreg_sql.obj"
  "map-server\Debug\homunculus.obj"
  "map-server\Debug\instance.obj"
  "map-server\Debug\mercenary.obj"
  "map-server\Debug\mob.obj"
  "map-server\Debug\npc.obj"
  "map-server\Debug\npc_chat.obj"
  "map-server\Debug\party.obj"
  "map-server\Debug\path.obj"
  "map-server\Debug\pc.obj"
  "map-server\Debug\pc_groups.obj"
  "map-server\Debug\pet.obj"
  "map-server\Debug\quest.obj"
  "map-server\Debug\script.obj"
  "map-server\Debug\searchstore.obj"
  "map-server\Debug\skill.obj"
  "map-server\Debug\status.obj"
  "map-server\Debug\storage.obj"
  "map-server\Debug\trade.obj"
  "map-server\Debug\unit.obj"
  "map-server\Debug\vending.obj"
  map-server.vcxproj -> C:\Users\Jonathan\Desktop\GlobalRAG\Emulador Oficial\Emulador Oficial\brathena\vcproj-10\..\map-server.exe
Done Building Project "C:\Users\Jonathan\Desktop\GlobalRAG\Emulador Oficial\Emulador Oficial\brathena\vcproj-10\map-server.vcxproj" (Build target(s)).

Build succeeded.

Time Elapsed 00:00:05.63
